C:\Users\hdhalmeida\source\repos\NetCoreApi2\NetCoreApi2\clientApp\src\features\empresas\routes.js
C:\Users\hdhalmeida\source\repos\NetCoreApi2\NetCoreApi2\clientApp\src\features\trabajadores\routes.js
C:\Users\hdhalmeida\source\repos\NetCoreApi2\NetCoreApi2\clientApp\src\features\Partes\routes.js
C:\Users\hdhalmeida\source\repos\NetCoreApi2\NetCoreApi2\clientApp\src\store\index.js
C:\Users\hdhalmeida\source\repos\NetCoreApi2\NetCoreApi2\clientApp\src\components\login\login.js
C:\Users\hdhalmeida\source\repos\NetCoreApi2\NetCoreApi2\clientApp\src\router\index.js
C:\Users\hdhalmeida\source\repos\NetCoreApi2\NetCoreApi2\clientApp\src\main.js
C:\Users\hdhalmeida\source\repos\NetCoreApi2\NetCoreApi2\clientApp\src\components\dateTimeInput\dateTimeInput.js
C:\Users\hdhalmeida\source\repos\NetCoreApi2\NetCoreApi2\clientApp\src\features\proyectos\models\proyectos.js
C:\Users\hdhalmeida\source\repos\NetCoreApi2\NetCoreApi2\clientApp\src\features\clientes\models\clientes.js
C:\Users\hdhalmeida\source\repos\NetCoreApi2\NetCoreApi2\clientApp\src\features\empresas\models\empresas.js
C:\Users\hdhalmeida\source\repos\NetCoreApi2\NetCoreApi2\clientApp\src\features\empresas\service\index.js
C:\Users\hdhalmeida\source\repos\NetCoreApi2\NetCoreApi2\clientApp\src\components\navigation-bar\navigation-bar.js
C:\Users\hdhalmeida\source\repos\NetCoreApi2\NetCoreApi2\clientApp\src\features\Partes\models\partes.js
C:\Users\hdhalmeida\source\repos\NetCoreApi2\NetCoreApi2\clientApp\src\features\trabajadores\models\trabajadores.js
C:\Users\hdhalmeida\source\repos\NetCoreApi2\NetCoreApi2\clientApp\src\features\trabajadores\service\index.js
C:\Users\hdhalmeida\source\repos\NetCoreApi2\NetCoreApi2\clientApp\src\features\Partes\service\index.js
C:\Users\hdhalmeida\source\repos\NetCoreApi2\NetCoreApi2\clientApp\src\components\partesCalendar\partesCalendar.js
C:\Users\hdhalmeida\source\repos\NetCoreApi2\NetCoreApi2\clientApp\src\features\clientes\service\index.js
C:\Users\hdhalmeida\source\repos\NetCoreApi2\NetCoreApi2\clientApp\src\features\clientes\views\detail\detail.js
C:\Users\hdhalmeida\source\repos\NetCoreApi2\NetCoreApi2\clientApp\src\features\empresas\views\CreateEmpresa\createEmpresa.js
C:\Users\hdhalmeida\source\repos\NetCoreApi2\NetCoreApi2\clientApp\src\features\empresas\views\Detail\detail.js
C:\Users\hdhalmeida\source\repos\NetCoreApi2\NetCoreApi2\clientApp\src\features\proyectos\views\proyectos.js
C:\Users\hdhalmeida\source\repos\NetCoreApi2\NetCoreApi2\clientApp\src\features\trabajadores\views\list\list.js
